<?xml version="1.0" encoding="UTF-8"?>
<!-- Generated by org.testng.reporters.JUnitXMLReporter -->
<testsuite hostname="CPU-127" name="Test" tests="4" failures="0" timestamp="9 Feb 2015 06:17:31 GMT" time="19.391" errors="0">
  <testcase name="@BeforeMethod configBeforeMtd" time="0.0" classname="com.actitime.projectandcustomertest.ProjectAndCustomerTest">
    <failure type="java.io.FileNotFoundException" message="C:\Users\susanta\Desktop\Test_Data.xlsx (The system cannot find the path specified)">
      <![CDATA[java.io.FileNotFoundException: C:\Users\susanta\Desktop\Test_Data.xlsx (The system cannot find the path specified)
	at java.io.FileInputStream.open(Native Method)
	at java.io.FileInputStream.<init>(FileInputStream.java:146)
	at java.io.FileInputStream.<init>(FileInputStream.java:101)
	at com.actitime.genericLib.ExcelLib.getExcelData(ExcelLib.java:18)
	at com.actitime.projectandcustomertest.ProjectAndCustomerTest.configBeforeMtd(ProjectAndCustomerTest.java:50)
... Removed 25 stack frames]]>
    </failure>
  </testcase> <!-- @BeforeMethod configBeforeMtd -->
  <testcase name="@AfterMethod configAfterMtd" time="0.0" classname="com.actitime.projectandcustomertest.ProjectAndCustomerTest">
    <skipped/>
  </testcase> <!-- @AfterMethod configAfterMtd -->
  <testcase name="@BeforeMethod configBeforeMtd" time="0.0" classname="com.actitime.projectandcustomertest.ProjectAndCustomerTest">
    <skipped/>
  </testcase> <!-- @BeforeMethod configBeforeMtd -->
  <testcase name="@AfterMethod configAfterMtd" time="0.0" classname="com.actitime.projectandcustomertest.ProjectAndCustomerTest">
    <skipped/>
  </testcase> <!-- @AfterMethod configAfterMtd -->
  <testcase name="@AfterClass configAfterClass" time="0.0" classname="com.actitime.projectandcustomertest.ProjectAndCustomerTest">
    <skipped/>
  </testcase> <!-- @AfterClass configAfterClass -->
  <testcase name="createCustomerTest" time="0.0" classname="com.actitime.projectandcustomertest.ProjectAndCustomerTest">
    <skipped/>
  </testcase> <!-- createCustomerTest -->
  <testcase name="verifyCustomerDetailsInWebTableTest" time="0.0" classname="com.actitime.projectandcustomertest.ProjectAndCustomerTest">
    <skipped/>
  </testcase> <!-- verifyCustomerDetailsInWebTableTest -->
  <testcase name="createCust" time="5.706" classname="com.actitime.projectandcustomertest.SampleTestForSh"/>
  <testcase name="modifyCust" time="0.0" classname="com.actitime.projectandcustomertest.SampleTestForSh"/>
</testsuite> <!-- Test -->
