<?xml version="1.0" encoding="UTF-8"?>
<!-- Generated by org.testng.reporters.JUnitXMLReporter -->
<testsuite hostname="susanta-PC" name="Test" tests="4" failures="1" timestamp="11 Jan 2015 14:53:19 GMT" time="61.059" errors="0">
  <testcase name="createCustomerTest" time="7.048" classname="com.actitime.projectandcustomertest.ProjectAndCustomerTest"/>
  <testcase name="verifyCustomerDetailsInWebTableTest" time="1.632" classname="com.actitime.projectandcustomertest.ProjectAndCustomerTest"/>
  <testcase name="createCust" time="0.178" classname="com.actitime.projectandcustomertest.SampleTestForSh">
    <failure type="java.lang.AssertionError" message="expected [true] but found [false]">
      <![CDATA[java.lang.AssertionError: expected [true] but found [false]
	at com.actitime.projectandcustomertest.SampleTestForSh.createCust(SampleTestForSh.java:32)
... Removed 28 stack frames]]>
    </failure>
  </testcase> <!-- createCust -->
  <testcase name="modifyCust" time="0.002" classname="com.actitime.projectandcustomertest.SampleTestForSh"/>
</testsuite> <!-- Test -->
